zip 0 mag_papers_0.txt
100000 66139 100000 5.853151082992554
200000 132486 200000 11.749496698379517
300000 198675 300000 17.676390409469604
400000 264801 400000 23.591100692749023
500000 331136 500000 29.5029399394989
600000 397306 600000 35.642268896102905
700000 463561 700000 41.66031336784363
800000 529612 800000 47.7872850894928
900000 595934 900000 53.704755783081055
1000000 661854 1000000 59.972296476364136
59.972389459609985
zip 0 mag_papers_1.txt
100000 727984 1100000 6.234784364700317
200000 794106 1200000 12.12355089187622
300000 860272 1300000 18.032410860061646
400000 926756 1400000 23.974473476409912
500000 993102 1500000 29.896039485931396
600000 1059593 1600000 35.8072783946991
700000 1125699 1700000 41.6658399105072
800000 1192139 1800000 47.57111644744873
900000 1258219 1900000 53.47840642929077
1000000 1324328 2000000 59.4110586643219
59.41112160682678
zip 0 mag_papers_10.txt
100000 1390729 2100000 5.922986745834351
200000 1456871 2200000 11.844619512557983
300000 1523171 2300000 17.746758699417114
400000 1589362 2400000 23.666282892227173
500000 1655923 2500000 29.544731855392456
600000 1722163 2600000 35.43962121009827
700000 1788382 2700000 41.36338257789612
800000 1854701 2800000 47.25680184364319
900000 1920901 2900000 53.140641927719116
1000000 1987011 3000000 59.02991056442261
59.030038833618164
zip 0 mag_papers_11.txt
100000 2053213 3100000 5.907695055007935
200000 2119557 3200000 11.822795629501343
300000 2185538 3300000 17.749290227890015
400000 2251562 3400000 23.676820278167725
500000 2317892 3500000 29.6187105178833
600000 2383887 3600000 35.51930546760559
700000 2449865 3700000 41.39919662475586
800000 2516012 3800000 47.31905674934387
900000 2582067 3900000 53.223759174346924
1000000 2648182 4000000 59.137757539749146
59.137821197509766
zip 0 mag_papers_12.txt
100000 2714231 4100000 5.8872458934783936
200000 2780289 4200000 11.825798273086548
300000 2846528 4300000 17.744826316833496
400000 2912814 4400000 23.67406392097473
500000 2978931 4500000 29.609422206878662
600000 3045127 4600000 35.54540538787842
700000 3111388 4700000 41.442357778549194
800000 3177632 4800000 47.34969758987427
900000 3243754 4900000 53.224483489990234
1000000 3310065 5000000 59.123613595962524
59.12374997138977
zip 0 mag_papers_13.txt
100000 3376461 5100000 6.5974016189575195
200000 3442710 5200000 12.99989914894104
300000 3508992 5300000 19.512171030044556
400000 3575495 5400000 25.46053385734558
500000 3641474 5500000 31.9347140789032
600000 3707687 5600000 37.98345899581909
700000 3773985 5700000 43.89130473136902
800000 3840133 5800000 49.80362582206726
900000 3906418 5900000 55.69866418838501
1000000 3972812 6000000 61.632556676864624
61.63268160820007
zip 0 mag_papers_14.txt
100000 4039030 6100000 5.909221887588501
200000 4105389 6200000 11.841971635818481
300000 4171613 6300000 17.757193326950073
400000 4238010 6400000 23.712254762649536
500000 4304139 6500000 29.617392539978027
600000 4370145 6600000 35.5436065196991
700000 4436420 6700000 41.476508140563965
800000 4502468 6800000 47.99972152709961
900000 4568878 6900000 55.14788889884949
1000000 4635064 7000000 61.11160588264465
61.11167049407959
zip 0 mag_papers_15.txt
100000 4701529 7100000 6.121561527252197
200000 4767700 7200000 12.143813133239746
300000 4834231 7300000 18.51443648338318
400000 4900509 7400000 24.416060209274292
500000 4966733 7500000 30.340662956237793
600000 5032750 7600000 36.257901668548584
700000 5098913 7700000 42.176681995391846
800000 5165371 7800000 48.095027923583984
900000 5231585 7900000 54.004531145095825
1000000 5297744 8000000 59.91791486740112
59.9179790019989
zip 0 mag_papers_16.txt
100000 5363951 8100000 5.920791387557983
200000 5430182 8200000 11.980545043945312
300000 5496590 8300000 18.21250557899475
400000 5562993 8400000 24.496861219406128
500000 5629251 8500000 30.766178846359253
600000 5695372 8600000 36.68535900115967
700000 5761643 8700000 42.59850025177002
800000 5827766 8800000 48.531654596328735
900000 5893928 8900000 54.465346574783325
1000000 5960317 9000000 60.3808012008667
60.38093423843384
zip 0 mag_papers_17.txt
100000 6026585 9100000 5.9325714111328125
200000 6092740 9200000 11.843847751617432
300000 6158875 9300000 17.738409996032715
400000 6225119 9400000 23.669454336166382
500000 6291554 9500000 29.588462591171265
600000 6358188 9600000 35.56360149383545
700000 6424444 9700000 41.501675844192505
800000 6490527 9800000 47.41512203216553
900000 6556630 9900000 53.350379943847656
1000000 6622878 10000000 59.23313784599304
59.233256578445435
zip 0 mag_papers_18.txt
100000 6688962 10100000 5.921226978302002
200000 6755286 10200000 11.814745664596558
300000 6821230 10300000 17.706143617630005
400000 6887569 10400000 23.600412368774414
500000 6953847 10500000 29.492581129074097
600000 7020226 10600000 35.41098356246948
700000 7086511 10700000 41.334617614746094
800000 7152894 10800000 47.23009276390076
900000 7219417 10900000 53.15773415565491
1000000 7285886 11000000 59.07720494270325
59.077269315719604
zip 0 mag_papers_19.txt
100000 7352305 11100000 5.9225499629974365
200000 7418412 11200000 11.846073389053345
300000 7484577 11300000 17.77405333518982
400000 7550596 11400000 23.69308352470398
500000 7616881 11500000 29.60006809234619
600000 7683351 11600000 35.55371809005737
700000 7749423 11700000 41.47632670402527
800000 7815627 11800000 47.39103174209595
900000 7881894 11900000 53.33648419380188
1000000 7948140 12000000 59.276453733444214
59.27658557891846
zip 0 mag_papers_2.txt
100000 8014400 12100000 5.915938377380371
200000 8080612 12200000 11.844662189483643
300000 8146651 12300000 17.772228479385376
400000 8212763 12400000 23.699366092681885
500000 8279235 12500000 29.630038022994995
600000 8345367 12600000 35.53506684303284
700000 8411862 12700000 41.4732346534729
800000 8478074 12800000 47.377647399902344
900000 8544374 12900000 53.33636999130249
1000000 8610474 13000000 59.27761769294739
59.27774453163147
zip 0 mag_papers_3.txt
100000 8676711 13100000 5.944334506988525
200000 8743247 13200000 11.866373777389526
300000 8809338 13300000 17.7790744304657
400000 8875440 13400000 23.7149977684021
500000 8941491 13500000 29.622853994369507
600000 9007659 13600000 35.541831493377686
700000 9073796 13700000 41.43683099746704
800000 9140093 13800000 47.373785734176636
900000 9206253 13900000 53.2772753238678
1000000 9272534 14000000 59.19332528114319
59.193464040756226
zip 0 mag_papers_4.txt
100000 9338813 14100000 5.93973970413208
200000 9404927 14200000 11.85263991355896
300000 9470888 14300000 17.7663996219635
400000 9537152 14400000 23.699084520339966
500000 9603550 14500000 29.60280132293701
600000 9669694 14600000 35.50758242607117
700000 9735869 14700000 41.421284675598145
800000 9802201 14800000 47.338242530822754
900000 9868366 14900000 53.246347427368164
1000000 9934439 15000000 59.15291953086853
59.152984380722046
zip 0 mag_papers_5.txt
100000 10000574 15100000 5.902541875839233
200000 10066845 15200000 11.851085186004639
300000 10133192 15300000 17.777238130569458
400000 10199442 15400000 23.698861360549927
500000 10265434 15500000 29.622872591018677
600000 10331602 15600000 35.517831802368164
700000 10397703 15700000 41.4180703163147
800000 10464101 15800000 47.354591369628906
900000 10530244 15900000 53.25809288024902
1000000 10596696 16000000 59.371801137924194
59.37186360359192
zip 0 mag_papers_6.txt
100000 10662792 16100000 7.969940185546875
200000 10729049 16200000 13.903177738189697
300000 10795221 16300000 21.40417170524597
400000 10861741 16400000 28.260098218917847
500000 10927943 16500000 34.18194031715393
600000 10994028 16600000 40.09667658805847
700000 11060437 16700000 46.0024778842926
800000 11126800 16800000 51.949052810668945
900000 11193144 16900000 57.853949785232544
1000000 11259482 17000000 63.77910399436951
63.7792387008667
zip 0 mag_papers_7.txt
100000 11325545 17100000 5.965554237365723
200000 11391853 17200000 11.883323669433594
300000 11458005 17300000 17.825472593307495
400000 11524268 17400000 23.762633323669434
500000 11590432 17500000 29.675823211669922
600000 11656543 17600000 35.62310314178467
700000 11722965 17700000 41.53373599052429
800000 11789102 17800000 47.465667724609375
900000 11855059 17900000 53.36389112472534
1000000 11921279 18000000 59.301130294799805
59.3011953830719
zip 0 mag_papers_8.txt
100000 11987401 18100000 5.946314096450806
200000 12053881 18200000 11.883044719696045
300000 12120210 18300000 17.800766229629517
400000 12186384 18400000 23.70503544807434
500000 12252721 18500000 29.658288955688477
600000 12318981 18600000 35.59283924102783
700000 12384926 18700000 41.4973304271698
800000 12451224 18800000 47.41815423965454
900000 12517295 18900000 53.35934925079346
1000000 12583319 19000000 59.270949840545654
59.27101731300354
zip 0 mag_papers_9.txt
100000 12649436 19100000 5.9565441608428955
200000 12715474 19200000 11.910953998565674
300000 12781839 19300000 17.862245798110962
400000 12848224 19400000 23.844353675842285
500000 12914532 19500000 29.79837465286255
600000 12980857 19600000 35.740256547927856
700000 13047130 19700000 41.67826962471008
800000 13113619 19800000 47.64408779144287
900000 13179785 19900000 53.56739926338196
1000000 13246048 20000000 59.51876664161682
59.51890325546265
zip 1 mag_papers_20.txt
100000 13312435 20100000 5.950883626937866
200000 13378400 20200000 11.870476961135864
300000 13444561 20300000 17.80941677093506
400000 13510684 20400000 23.73982834815979
500000 13577039 20500000 29.66183876991272
600000 13643324 20600000 35.58692216873169
700000 13709516 20700000 41.526585817337036
800000 13775602 20800000 47.44397187232971
900000 13841810 20900000 53.352741718292236
1000000 13907989 21000000 59.26579260826111
59.26585650444031
zip 1 mag_papers_21.txt
100000 13974308 21100000 5.9349045753479
200000 14040570 21200000 11.859321355819702
300000 14106667 21300000 17.76434874534607
400000 14172571 21400000 23.67152452468872
500000 14238662 21500000 29.587490558624268
600000 14304894 21600000 35.50927376747131
700000 14371073 21700000 41.424630880355835
800000 14437266 21800000 47.32063341140747
900000 14503316 21900000 53.24235010147095
1000000 14569382 22000000 59.147088289260864
59.14722514152527
zip 1 mag_papers_22.txt
100000 14635730 22100000 5.9173150062561035
200000 14702139 22200000 11.843531131744385
300000 14768493 22300000 17.77760910987854
400000 14834528 22400000 23.708030223846436
500000 14900822 22500000 29.61065149307251
600000 14967182 22600000 35.52074456214905
700000 15033583 22700000 41.45537614822388
800000 15099719 22800000 47.35309100151062
900000 15165964 22900000 53.26044583320618
1000000 15232209 23000000 59.13543725013733
59.13550043106079
zip 1 mag_papers_23.txt
100000 15298350 23100000 5.93334698677063
200000 15364428 23200000 11.864683151245117
300000 15430501 23300000 17.782100200653076
400000 15496661 23400000 23.719415187835693
500000 15563103 23500000 29.629570245742798
600000 15629522 23600000 35.57091951370239
700000 15695882 23700000 41.503087520599365
800000 15762291 23800000 47.4475531578064
900000 15828579 23900000 53.348956823349
1000000 15894926 24000000 59.287450551986694
59.287516593933105
zip 1 mag_papers_24.txt
100000 15961196 24100000 5.905419588088989
200000 16027492 24200000 11.81845736503601
300000 16094106 24300000 17.754528284072876
400000 16160438 24400000 23.664605379104614
500000 16226616 24500000 29.601649284362793
600000 16293102 24600000 35.52190804481506
700000 16359213 24700000 41.43035173416138
800000 16425500 24800000 47.35400032997131
900000 16491470 24900000 53.23391509056091
1000000 16557649 25000000 59.14821982383728
59.148356914520264
zip 1 mag_papers_25.txt
100000 16623693 25100000 5.922401428222656
200000 16689899 25200000 11.845376014709473
300000 16756015 25300000 17.772393703460693
400000 16822291 25400000 23.692873001098633
500000 16888367 25500000 29.57654309272766
600000 16954600 25600000 35.491318702697754
700000 17020855 25700000 41.40072417259216
800000 17087162 25800000 47.299564361572266
900000 17153399 25900000 53.22291970252991
1000000 17219887 26000000 59.14072322845459
59.14087677001953
zip 1 mag_papers_26.txt
100000 17285910 26100000 5.8988049030303955
200000 17352189 26200000 11.845227718353271
300000 17418401 26300000 17.786696195602417
400000 17484714 26400000 23.718964099884033
500000 17550891 26500000 29.629084587097168
600000 17617142 26600000 35.54059600830078
700000 17683767 26700000 41.44889831542969
800000 17749912 26800000 47.33970093727112
900000 17816332 26900000 53.255882024765015
1000000 17882599 27000000 59.157127141952515
59.15728211402893
zip 1 mag_papers_27.txt
100000 17948660 27100000 5.902224063873291
200000 18015127 27200000 11.819892644882202
300000 18081234 27300000 17.72378897666931
400000 18147437 27400000 23.663163661956787
500000 18213746 27500000 29.545900583267212
600000 18280028 27600000 35.438517570495605
700000 18346239 27700000 41.30480718612671
800000 18412533 27800000 47.19912528991699
900000 18478914 27900000 53.09047222137451
1000000 18545216 28000000 58.98295331001282
58.983102798461914
zip 1 mag_papers_28.txt
100000 18611487 28100000 5.900475978851318
200000 18677603 28200000 11.797619819641113
300000 18743951 28300000 17.711273193359375
400000 18810049 28400000 23.62570357322693
500000 18876086 28500000 29.53436827659607
600000 18942640 28600000 35.43595600128174
700000 19008930 28700000 41.33148980140686
800000 19075250 28800000 47.253681898117065
900000 19141671 28900000 53.15028238296509
1000000 19208180 29000000 59.06323432922363
59.06331706047058
zip 1 mag_papers_29.txt
100000 19274283 29100000 5.914194822311401
200000 19340411 29200000 11.83371615409851
300000 19406556 29300000 17.755483865737915
400000 19473042 29400000 23.66007947921753
500000 19539219 29500000 29.57254409790039
600000 19605400 29600000 35.45750904083252
700000 19671611 29700000 41.35910725593567
800000 19737933 29800000 47.25110197067261
900000 19804257 29900000 53.17144012451172
1000000 19870329 30000000 59.067893266677856
59.06804323196411
zip 1 mag_papers_30.txt
100000 19936841 30100000 5.926442384719849
200000 20003224 30200000 11.84465217590332
300000 20069566 30300000 17.760541915893555
400000 20135927 30400000 23.718410968780518
500000 20202454 30500000 29.640830278396606
600000 20268457 30600000 35.5419807434082
700000 20334716 30700000 41.4657826423645
800000 20401150 30800000 47.36416506767273
900000 20467506 30900000 53.27099347114563
1000000 20533627 31000000 59.1698157787323
59.1698784828186
zip 1 mag_papers_31.txt
100000 20599830 31100000 5.921710252761841
200000 20665965 31200000 11.831940412521362
300000 20732292 31300000 17.776256561279297
400000 20798475 31400000 23.715901851654053
500000 20864991 31500000 29.65564513206482
600000 20931523 31600000 35.5812885761261
700000 20997713 31700000 41.514132261276245
800000 21064013 31800000 47.44329571723938
900000 21130179 31900000 53.36742568016052
1000000 21196418 32000000 59.300514698028564
59.30066514015198
zip 1 mag_papers_32.txt
100000 21262651 32100000 5.931689739227295
200000 21328930 32200000 11.858577966690063
300000 21395140 32300000 17.819545030593872
400000 21461319 32400000 23.75297999382019
500000 21527658 32500000 29.69248080253601
600000 21593762 32600000 35.5938081741333
700000 21660132 32700000 41.532639026641846
800000 21726273 32800000 47.46320700645447
900000 21792516 32900000 53.37090182304382
1000000 21858721 33000000 59.30286693572998
59.30302047729492
zip 1 mag_papers_33.txt
100000 21924842 33100000 5.9225969314575195
200000 21991232 33200000 11.828140258789062
300000 22057571 33300000 17.779804468154907
400000 22123929 33400000 23.70122480392456
500000 22190149 33500000 29.624558925628662
600000 22256519 33600000 35.52768540382385
700000 22322620 33700000 41.4481041431427
800000 22388851 33800000 47.372641801834106
900000 22455141 33900000 53.287094593048096
1000000 22521143 34000000 59.197407960891724
59.19756102561951
zip 1 mag_papers_34.txt
100000 22587274 34100000 5.877223491668701
200000 22653486 34200000 11.823663711547852
300000 22719632 34300000 17.72573685646057
400000 22785918 34400000 23.650954484939575
500000 22852239 34500000 29.599449157714844
600000 22918406 34600000 35.53793787956238
700000 22984596 34700000 41.421059131622314
800000 23051173 34800000 47.335023164749146
900000 23117114 34900000 53.257728815078735
1000000 23183404 35000000 59.18840527534485
59.18855905532837
zip 1 mag_papers_35.txt
100000 23249725 35100000 5.924227714538574
200000 23316100 35200000 11.859209060668945
300000 23382199 35300000 17.772209405899048
400000 23448435 35400000 23.698299884796143
500000 23514760 35500000 29.641924381256104
600000 23580824 35600000 35.551681995391846
700000 23647211 35700000 41.47369408607483
800000 23713728 35800000 47.42771935462952
900000 23779932 35900000 53.34628200531006
1000000 23846295 36000000 59.25415110588074
59.25428748130798
zip 1 mag_papers_36.txt
100000 23912409 36100000 5.919733762741089
200000 23978719 36200000 11.85537600517273
300000 24045091 36300000 17.762544870376587
400000 24111322 36400000 23.677194118499756
500000 24177513 36500000 29.585209608078003
600000 24243721 36600000 35.512452363967896
700000 24309830 36700000 41.41598558425903
800000 24376138 36800000 47.34524321556091
900000 24442221 36900000 53.238073110580444
1000000 24508894 37000000 59.16042733192444
59.160573959350586
zip 1 mag_papers_37.txt
100000 24575007 37100000 5.910765647888184
200000 24641259 37200000 11.814607858657837
300000 24707655 37300000 17.733530282974243
400000 24773749 37400000 23.64521551132202
500000 24839954 37500000 29.529822826385498
600000 24906057 37600000 35.43548941612244
700000 24972307 37700000 41.32191729545593
800000 25038592 37800000 47.215676069259644
900000 25104770 37900000 53.09129238128662
1000000 25171227 38000000 59.00991249084473
59.01006054878235
zip 1 mag_papers_38.txt
100000 25237271 38100000 5.895542621612549
200000 25303617 38200000 11.837263584136963
300000 25369773 38300000 17.751237869262695
400000 25435849 38400000 23.701517343521118
500000 25501963 38500000 29.625796794891357
600000 25567894 38600000 35.51556873321533
700000 25634197 38700000 41.43608832359314
800000 25700627 38800000 47.3680305480957
900000 25767045 38900000 53.27039098739624
1000000 25833202 39000000 59.16097593307495
59.16110348701477
zip 1 mag_papers_39.txt
100000 25899252 39100000 5.927692413330078
200000 25965523 39200000 11.852946758270264
300000 26031579 39300000 17.746742725372314
400000 26097626 39400000 23.65079426765442
500000 26163763 39500000 29.553701877593994
600000 26229965 39600000 35.42882227897644
700000 26295962 39700000 41.32579326629639
800000 26362124 39800000 47.19952368736267
900000 26428518 39900000 53.10203194618225
1000000 26494769 40000000 59.02113914489746
59.0212721824646
zip 2 mag_papers_40.txt
100000 26560830 40100000 5.9236791133880615
200000 26626996 40200000 11.83680272102356
300000 26693469 40300000 17.773308992385864
400000 26759790 40400000 23.70140027999878
500000 26826267 40500000 29.66696810722351
600000 26892456 40600000 35.58328366279602
700000 26958401 40700000 41.476471185684204
800000 27024697 40800000 47.41397309303284
900000 27090820 40900000 53.3711941242218
1000000 27157117 41000000 59.27659249305725
59.27667856216431
zip 2 mag_papers_41.txt
100000 27223605 41100000 5.933617115020752
200000 27289824 41200000 11.854542970657349
300000 27356197 41300000 17.800128698349
400000 27422048 41400000 23.711739540100098
500000 27488316 41500000 29.660890817642212
600000 27554535 41600000 35.5629186630249
700000 27620795 41700000 41.51319098472595
800000 27687025 41800000 47.42474412918091
900000 27753156 41900000 53.356476068496704
1000000 27819444 42000000 59.29741382598877
59.29755902290344
zip 2 mag_papers_42.txt
100000 27885525 42100000 5.91193699836731
200000 27951826 42200000 11.858860731124878
300000 28018159 42300000 17.786319494247437
400000 28084231 42400000 23.716034650802612
500000 28150781 42500000 29.626124143600464
600000 28217057 42600000 35.55937361717224
700000 28283294 42700000 41.515944957733154
800000 28349759 42800000 47.42928099632263
900000 28415967 42900000 53.32284617424011
1000000 28482142 43000000 59.24543619155884
59.24558424949646
zip 2 mag_papers_43.txt
100000 28548488 43100000 5.9372239112854
200000 28614876 43200000 11.865016460418701
300000 28681002 43300000 17.789710998535156
400000 28747003 43400000 23.7090425491333
500000 28813202 43500000 29.608263969421387
600000 28879228 43600000 35.50841522216797
700000 28945489 43700000 41.464712619781494
800000 29011515 43800000 47.40340256690979
900000 29077839 43900000 53.346564054489136
1000000 29144041 44000000 59.2632474899292
59.2634072303772
zip 2 mag_papers_44.txt
100000 29210060 44100000 5.883622646331787
200000 29276264 44200000 11.807718753814697
300000 29342543 44300000 17.73062491416931
400000 29408751 44400000 23.63623356819153
500000 29474782 44500000 29.55849575996399
600000 29541238 44600000 35.479212284088135
700000 29607298 44700000 41.39891695976257
800000 29673316 44800000 47.32529902458191
900000 29739804 44900000 53.255611181259155
1000000 29806140 45000000 59.17858648300171
59.178714990615845
zip 2 mag_papers_45.txt
100000 29872298 45100000 5.907601594924927
200000 29938334 45200000 11.821191310882568
300000 30004551 45300000 17.775942087173462
400000 30070244 45400000 23.714619159698486
500000 30136223 45500000 29.812819242477417
600000 30202534 45600000 36.75369930267334
700000 30268592 45700000 43.71738576889038
800000 30334870 45800000 50.711334228515625
900000 30401537 45900000 58.51985311508179
1000000 30467721 46000000 64.44759607315063
64.44772696495056
zip 2 mag_papers_46.txt
100000 30534158 46100000 7.019562005996704
200000 30600311 46200000 13.413834810256958
300000 30666315 46300000 19.781060218811035
400000 30732432 46400000 26.720479011535645
500000 30798695 46500000 32.65981197357178
600000 30864832 46600000 38.59288191795349
700000 30930947 46700000 44.52309060096741
800000 30997463 46800000 50.4797797203064
900000 31063561 46900000 56.406776666641235
1000000 31129455 47000000 62.2841260433197
62.284268379211426
zip 2 mag_papers_47.txt
100000 31195496 47100000 5.92466139793396
200000 31261771 47200000 11.838807582855225
300000 31327985 47300000 17.75324034690857
400000 31394491 47400000 23.666860818862915
500000 31460743 47500000 29.569536447525024
600000 31526735 47600000 35.47987771034241
700000 31592971 47700000 41.43126583099365
800000 31659327 47800000 47.32385206222534
900000 31725567 47900000 53.209927558898926
1000000 31791722 48000000 59.12558341026306
59.125715255737305
zip 2 mag_papers_48.txt
100000 31857839 48100000 5.895606756210327
200000 31924110 48200000 11.85007381439209
300000 31989886 48300000 17.764562129974365
400000 32056320 48400000 23.708669185638428
500000 32122325 48500000 29.603915214538574
600000 32188519 48600000 35.514951944351196
700000 32254556 48700000 41.43244981765747
800000 32320839 48800000 47.380314111709595
900000 32386973 48900000 53.31433129310608
1000000 32453149 49000000 59.22427034378052
59.224393129348755
zip 2 mag_papers_49.txt
100000 32519586 49100000 6.128397703170776
200000 32586036 49200000 13.745620489120483
300000 32652369 49300000 22.348264694213867
400000 32718676 49400000 28.39390802383423
500000 32784683 49500000 34.56690239906311
600000 32851075 49600000 41.08718228340149
700000 32917423 49700000 47.27523493766785
800000 32983565 49800000 53.19315814971924
900000 33049671 49900000 59.11611795425415
1000000 33116065 50000000 65.03805708885193
65.03818655014038
zip 2 mag_papers_50.txt
100000 33182438 50100000 5.939000606536865
200000 33248963 50200000 11.882191181182861
300000 33315145 50300000 17.798218965530396
400000 33381376 50400000 23.723499298095703
500000 33447685 50500000 29.653966188430786
600000 33514043 50600000 35.59985327720642
700000 33580191 50700000 41.51778244972229
800000 33646441 50800000 47.45165991783142
900000 33712797 50900000 53.37166237831116
1000000 33778978 51000000 59.27750301361084
59.277650594711304
zip 2 mag_papers_51.txt
100000 33845236 51100000 5.9621052742004395
200000 33911426 51200000 11.931272983551025
300000 33977669 51300000 17.84881067276001
400000 34044192 51400000 23.796180486679077
500000 34110556 51500000 29.735893726348877
600000 34176821 51600000 35.63540506362915
700000 34243147 51700000 41.5565128326416
800000 34309400 51800000 47.45833468437195
900000 34375606 51900000 53.38000535964966
1000000 34441691 52000000 59.282620429992676
59.28268361091614
zip 2 mag_papers_52.txt
100000 34507895 52100000 5.9162585735321045
200000 34574218 52200000 11.835913181304932
300000 34640338 52300000 17.784098625183105
400000 34706472 52400000 23.705456733703613
500000 34772603 52500000 29.61052370071411
600000 34838905 52600000 35.53031849861145
700000 34905002 52700000 41.4313223361969
800000 34971146 52800000 48.70814752578735
900000 35037238 52900000 54.605366706848145
1000000 35103479 53000000 60.52757978439331
60.527732849121094
zip 2 mag_papers_53.txt
100000 35169386 53100000 5.947451829910278
200000 35235735 53200000 12.988630056381226
300000 35302138 53300000 18.945591688156128
400000 35368508 53400000 25.286874055862427
500000 35434678 53500000 31.205592393875122
600000 35501197 53600000 37.11727046966553
700000 35567474 53700000 44.18650817871094
800000 35633286 53800000 50.08436727523804
900000 35699229 53900000 58.62474703788757
1000000 35765382 54000000 65.26065683364868
65.26083254814148
zip 2 mag_papers_54.txt
100000 35831701 54100000 9.629388809204102
200000 35898021 54200000 17.065144062042236
300000 35964388 54300000 24.207909107208252
400000 36030716 54400000 33.77307653427124
500000 36097082 54500000 40.39743661880493
600000 36163225 54600000 47.660866498947144
700000 36229636 54700000 53.657015800476074
800000 36295578 54800000 59.58379530906677
900000 36361753 54900000 66.74695062637329
1000000 36427894 55000000 72.67814517021179
72.67830348014832
zip 2 mag_papers_55.txt
100000 36494155 55100000 5.940881967544556
200000 36560102 55200000 14.53677749633789
300000 36626304 55300000 20.516498804092407
400000 36692489 55400000 26.463650703430176
500000 36758625 55500000 32.407538414001465
600000 36825048 55600000 38.380895137786865
700000 36891230 55700000 44.499768018722534
800000 36957273 55800000 50.46933436393738
900000 37023319 55900000 56.40891146659851
1000000 37089571 56000000 63.41379475593567
63.41385531425476
zip 2 mag_papers_56.txt
100000 37155930 56100000 8.961627721786499
200000 37222105 56200000 15.173508405685425
300000 37288586 56300000 21.119524002075195
400000 37354766 56400000 27.054447650909424
500000 37420883 56500000 32.984474182128906
600000 37487076 56600000 38.86733531951904
700000 37553256 56700000 46.130571603775024
800000 37619173 56800000 52.19908595085144
900000 37685397 56900000 58.08138084411621
1000000 37751652 57000000 64.00753951072693
64.00771045684814
zip 2 mag_papers_57.txt
100000 37817927 57100000 6.048032283782959
200000 37884328 57200000 13.488499402999878
300000 37950441 57300000 19.909090042114258
400000 38016439 57400000 26.957776308059692
500000 38082758 57500000 33.45157265663147
600000 38148710 57600000 39.40354895591736
700000 38214965 57700000 47.992921113967896
800000 38281400 57800000 55.84989047050476
900000 38347559 57900000 61.78879499435425
1000000 38413805 58000000 69.09366869926453
69.09381794929504
zip 2 mag_papers_58.txt
100000 38479860 58100000 7.171539545059204
200000 38546101 58200000 13.314645528793335
300000 38612462 58300000 19.275407791137695
400000 38678534 58400000 25.14498734474182
500000 38744566 58500000 31.05250382423401
600000 38810778 58600000 38.515196800231934
700000 38877097 58700000 46.12381935119629
800000 38943288 58800000 52.05531334877014
900000 39009562 58900000 57.969114780426025
1000000 39075791 59000000 63.89632964134216
63.896474838256836
zip 2 mag_papers_59.txt
100000 39141988 59100000 6.216883420944214
200000 39208259 59200000 12.147571563720703
300000 39274482 59300000 19.39059853553772
400000 39340656 59400000 26.903528213500977
500000 39406836 59500000 35.35790824890137
600000 39473072 59600000 41.29373598098755
700000 39539445 59700000 48.64421105384827
800000 39605539 59800000 57.589396953582764
900000 39671732 59900000 63.55730199813843
1000000 39738041 60000000 69.46380805969238
69.46395587921143
zip 3 mag_papers_60.txt
100000 39804273 60100000 9.522348165512085
200000 39870371 60200000 15.476178884506226
300000 39936535 60300000 21.397871017456055
400000 40002605 60400000 27.331556797027588
500000 40068815 60500000 34.704466581344604
600000 40135105 60600000 40.649746894836426
700000 40200956 60700000 46.64976668357849
800000 40267315 60800000 55.4853036403656
900000 40333439 60900000 61.41473627090454
1000000 40399574 61000000 68.92529129981995
68.92545819282532
zip 3 mag_papers_61.txt
100000 40465773 61100000 7.255721807479858
200000 40531880 61200000 14.551180839538574
300000 40598025 61300000 21.734214544296265
400000 40664405 61400000 27.662302017211914
500000 40730989 61500000 34.976561307907104
600000 40797003 61600000 42.89382219314575
700000 40863257 61700000 49.54232954978943
800000 40929253 61800000 55.865010023117065
900000 40995542 61900000 62.655537843704224
1000000 41062084 62000000 70.00665044784546
70.00670957565308
zip 3 mag_papers_62.txt
100000 41127756 62100000 6.955355167388916
200000 41193910 62200000 12.89660930633545
300000 41260086 62300000 19.43458914756775
400000 41326228 62400000 27.914828538894653
500000 41392392 62500000 35.26575708389282
600000 41458533 62600000 41.22026324272156
700000 41524388 62700000 47.13297748565674
800000 41590565 62800000 54.99566984176636
900000 41656783 62900000 62.35828185081482
1000000 41723113 63000000 72.57017493247986
72.57033920288086
zip 3 mag_papers_63.txt
100000 41789164 63100000 9.181924104690552
200000 41855643 63200000 17.27955389022827
300000 41921641 63300000 24.344489336013794
400000 41987761 63400000 30.241400480270386
500000 42053988 63500000 37.59669756889343
600000 42119932 63600000 43.5259063243866
700000 42186039 63700000 50.633136510849
800000 42252426 63800000 56.56075644493103
900000 42318670 63900000 63.79692196846008
1000000 42385128 64000000 69.74988770484924
69.75004410743713
zip 3 mag_papers_64.txt
100000 42451349 64100000 8.290555238723755
200000 42517205 64200000 15.830109596252441
300000 42583348 64300000 21.766965866088867
400000 42649596 64400000 27.68656897544861
500000 42715759 64500000 33.614171266555786
600000 42782078 64600000 41.111958026885986
700000 42848303 64700000 47.06343126296997
800000 42914559 64800000 53.023335218429565
900000 42980877 64900000 63.457627296447754
1000000 43047229 65000000 69.39527583122253
69.3953366279602
zip 3 mag_papers_65.txt
100000 43113407 65100000 11.128164291381836
200000 43179965 65200000 18.675196409225464
300000 43246242 65300000 26.165576934814453
400000 43312145 65400000 33.75035738945007
500000 43378347 65500000 39.6852970123291
600000 43444459 65600000 45.61132001876831
700000 43510578 65700000 53.01694989204407
800000 43576887 65800000 58.96690273284912
900000 43643345 65900000 64.8977735042572
1000000 43709551 66000000 73.57603931427002
73.57620763778687
zip 3 mag_papers_66.txt
100000 43775660 66100000 6.128732204437256
200000 43841892 66200000 13.472938776016235
300000 43908233 66300000 20.381230115890503
400000 43974411 66400000 28.444812059402466
500000 44040625 66500000 35.87018394470215
600000 44106801 66600000 44.1386194229126
700000 44172992 66700000 51.821654081344604
800000 44239493 66800000 59.47880268096924
900000 44305560 66900000 67.10501527786255
1000000 44371594 67000000 73.04879307746887
73.04893445968628
zip 3 mag_papers_67.txt
100000 44437716 67100000 8.840853929519653
200000 44504002 67200000 14.78455114364624
300000 44570223 67300000 20.730133295059204
400000 44636192 67400000 28.15189480781555
500000 44702362 67500000 34.0726842880249
600000 44768657 67600000 42.25499081611633
700000 44834722 67700000 48.470463037490845
800000 44900937 67800000 56.030240058898926
900000 44966960 67900000 63.894336462020874
1000000 45033212 68000000 69.85233759880066
69.85249495506287
zip 3 mag_papers_68.txt
100000 45099437 68100000 7.798450231552124
200000 45165659 68200000 15.562183141708374
300000 45231905 68300000 22.854084968566895
400000 45298195 68400000 30.08944606781006
500000 45364336 68500000 37.29129981994629
600000 45430414 68600000 44.57089304924011
700000 45496298 68700000 50.505404472351074
800000 45562497 68800000 58.32440376281738
900000 45628771 68900000 64.28556871414185
1000000 45694945 69000000 72.74693965911865
72.74710869789124
zip 3 mag_papers_69.txt
100000 45761126 69100000 6.5713324546813965
200000 45827454 69200000 16.105323791503906
300000 45893416 69300000 24.845024347305298
400000 45959597 69400000 32.378472566604614
500000 46025919 69500000 39.22007083892822
600000 46092103 69600000 48.90697407722473
700000 46158524 69700000 54.84937119483948
800000 46224649 69800000 62.38665246963501
900000 46290851 69900000 68.34222769737244
1000000 46357202 70000000 74.72189736366272
74.72205448150635
zip 3 mag_papers_70.txt
100000 46423382 70100000 6.043090105056763
200000 46489631 70200000 11.985345125198364
300000 46555673 70300000 19.85620379447937
400000 46621575 70400000 28.842761278152466
500000 46687848 70500000 36.2232129573822
600000 46753978 70600000 42.156144857406616
700000 46819878 70700000 48.07129979133606
800000 46886061 70800000 54.71583890914917
900000 46952180 70900000 60.64427185058594
1000000 47018234 71000000 66.55894780158997
66.55908870697021
zip 3 mag_papers_71.txt
100000 47084388 71100000 7.582085132598877
200000 47150625 71200000 13.518281698226929
300000 47216959 71300000 19.474480628967285
400000 47283199 71400000 25.405925035476685
500000 47349259 71500000 33.213216066360474
600000 47415566 71600000 42.29084491729736
700000 47482114 71700000 52.035449504852295
800000 47548339 71800000 61.437609910964966
900000 47614307 71900000 70.10510587692261
1000000 47680472 72000000 79.27418303489685
79.27424550056458
zip 3 mag_papers_72.txt
100000 47746769 72100000 6.030532360076904
200000 47812726 72200000 14.618037700653076
300000 47878843 72300000 20.56352710723877
400000 47945050 72400000 28.821447610855103
500000 48010952 72500000 35.97836232185364
600000 48077240 72600000 43.347529888153076
700000 48143719 72700000 49.94149088859558
800000 48210103 72800000 55.888071060180664
900000 48276146 72900000 61.81735444068909
1000000 48342426 73000000 67.73100852966309
67.73107051849365
zip 3 mag_papers_73.txt
100000 48408699 73100000 6.109727382659912
200000 48475010 73200000 13.83567500114441
300000 48541220 73300000 20.697027683258057
400000 48607265 73400000 29.707823991775513
500000 48673613 73500000 37.570364475250244
600000 48739976 73600000 44.83710193634033
700000 48806376 73700000 52.3366219997406
800000 48872855 73800000 58.33645963668823
900000 48939333 73900000 68.85810446739197
1000000 49005613 74000000 77.6051516532898
77.60529398918152
zip 3 mag_papers_74.txt
100000 49071766 74100000 5.956604719161987
200000 49137815 74200000 14.450194597244263
300000 49203931 74300000 20.53142523765564
400000 49270258 74400000 27.957826375961304
500000 49336416 74500000 36.53097629547119
600000 49402659 74600000 45.68180990219116
700000 49468867 74700000 51.666791677474976
800000 49535363 74800000 59.46832513809204
900000 49601734 74900000 66.68531775474548
1000000 49668106 75000000 74.2901976108551
74.29025793075562
zip 3 mag_papers_75.txt
100000 49734336 75100000 7.997097730636597
200000 49800569 75200000 15.876688241958618
300000 49866596 75300000 21.791149139404297
400000 49932854 75400000 27.745993852615356
500000 49998845 75500000 35.54281997680664
600000 50065088 75600000 41.499725580215454
700000 50131256 75700000 49.58124661445618
800000 50197422 75800000 57.824236154556274
900000 50263689 75900000 65.47053647041321
1000000 50329559 76000000 73.91477608680725
73.91492700576782
zip 3 mag_papers_76.txt
100000 50395847 76100000 6.079351902008057
200000 50461863 76200000 13.442954778671265
300000 50528048 76300000 23.828752517700195
400000 50593930 76400000 32.19915008544922
500000 50660177 76500000 38.31426000595093
600000 50726342 76600000 47.41885685920715
700000 50792438 76700000 56.599743127822876
800000 50858634 76800000 63.78427529335022
900000 50924891 76900000 71.2587149143219
1000000 50990828 77000000 80.21868395805359
80.21884346008301
zip 3 mag_papers_77.txt
100000 51057351 77100000 7.350906610488892
200000 51123553 77200000 18.060750722885132
300000 51189782 77300000 26.772730588912964
400000 51255912 77400000 33.26012086868286
500000 51322004 77500000 41.230578660964966
600000 51388257 77600000 49.39322352409363
700000 51454230 77700000 55.82983899116516
800000 51520508 77800000 63.27859830856323
900000 51586749 77900000 70.97433066368103
1000000 51653103 78000000 77.25955939292908
77.25963044166565
zip 3 mag_papers_78.txt
100000 51719290 78100000 5.934895753860474
200000 51785802 78200000 12.153918743133545
300000 51851964 78300000 21.787084102630615
400000 51918183 78400000 30.7550687789917
500000 51984369 78500000 36.6737596988678
600000 52050460 78600000 43.89680552482605
700000 52116508 78700000 51.60208868980408
800000 52182745 78800000 59.228750228881836
900000 52248761 78900000 70.02421236038208
1000000 52314827 79000000 75.95027446746826
75.95042657852173
zip 3 mag_papers_79.txt
100000 52381239 79100000 7.839068651199341
200000 52447452 79200000 14.848982095718384
300000 52513461 79300000 22.683065176010132
400000 52579816 79400000 31.17805504798889
500000 52645746 79500000 37.08683514595032
600000 52711851 79600000 45.89348530769348
700000 52778001 79700000 52.499260663986206
800000 52843889 79800000 63.812479734420776
900000 52910168 79900000 72.04389786720276
1000000 52976492 80000000 81.02221608161926
81.02236986160278
zip 4 mag_papers_80.txt
100000 53042673 80100000 7.0055553913116455
200000 53108829 80200000 16.128960847854614
300000 53175147 80300000 23.588691473007202
400000 53240992 80400000 29.47210931777954
500000 53307127 80500000 38.48311400413513
600000 53373237 80600000 45.99737858772278
700000 53439034 80700000 53.22288417816162
800000 53505316 80800000 60.909404039382935
900000 53571763 80900000 74.30746960639954
1000000 53638024 81000000 82.09548139572144
82.09554123878479
zip 4 mag_papers_81.txt
100000 53704323 81100000 8.713966131210327
200000 53770412 81200000 17.624438524246216
300000 53836746 81300000 26.315582990646362
400000 53902899 81400000 34.081016063690186
500000 53968898 81500000 42.89677095413208
600000 54034884 81600000 51.50009083747864
700000 54101175 81700000 58.60034799575806
800000 54167319 81800000 66.34899830818176
900000 54233450 81900000 76.03178787231445
1000000 54299479 82000000 85.99821496009827
85.99836301803589
zip 4 mag_papers_82.txt
100000 54365482 82100000 8.142955780029297
200000 54431714 82200000 16.02250361442566
300000 54498127 82300000 29.518914461135864
400000 54564175 82400000 37.37647223472595
500000 54630085 82500000 47.78085923194885
600000 54696318 82600000 55.6106812953949
700000 54762679 82700000 63.16770625114441
800000 54828662 82800000 71.52548837661743
900000 54894898 82900000 81.36550045013428
1000000 54961045 83000000 90.6026246547699
90.60268497467041
zip 4 mag_papers_83.txt
100000 55027392 83100000 11.699690580368042
200000 55093712 83200000 19.028035402297974
300000 55159911 83300000 27.846477508544922
400000 55226089 83400000 36.0538535118103
500000 55292021 83500000 44.858527421951294
600000 55358369 83600000 53.98256301879883
700000 55424423 83700000 61.4983925819397
800000 55490504 83800000 70.92592692375183
900000 55556841 83900000 81.24210381507874
1000000 55622852 84000000 88.57668018341064
88.57685804367065
zip 4 mag_papers_84.txt
100000 55688971 84100000 6.68305516242981
200000 55755229 84200000 14.73570728302002
300000 55821740 84300000 20.686787128448486
400000 55887857 84400000 30.77282691001892
500000 55953996 84500000 39.497801780700684
600000 56020271 84600000 49.01957416534424
700000 56086315 84700000 56.11169648170471
800000 56152337 84800000 66.92905354499817
900000 56218673 84900000 74.76050066947937
1000000 56284891 85000000 81.62778544425964
81.62785148620605
zip 4 mag_papers_85.txt
100000 56350891 85100000 10.525217771530151
200000 56417134 85200000 16.537586450576782
300000 56483671 85300000 23.714399576187134
400000 56550003 85400000 31.018653392791748
500000 56615990 85500000 38.9155638217926
600000 56681910 85600000 46.773791790008545
700000 56748018 85700000 55.25054669380188
800000 56814079 85800000 63.23291063308716
900000 56880192 85900000 69.35966420173645
1000000 56946479 86000000 79.91158962249756
79.91174697875977
zip 4 mag_papers_86.txt
100000 57012713 86100000 6.0389487743377686
200000 57078926 86200000 15.039163827896118
300000 57145092 86300000 22.81144428253174
400000 57211495 86400000 30.671634912490845
500000 57277481 86500000 39.43660116195679
600000 57343460 86600000 47.15506672859192
700000 57409528 86700000 54.75561499595642
800000 57475498 86800000 65.46927547454834
900000 57541857 86900000 73.71024012565613
1000000 57608037 87000000 81.51857733726501
81.51874208450317
zip 4 mag_papers_87.txt
100000 57674214 87100000 9.38191556930542
200000 57740334 87200000 16.539868593215942
300000 57806554 87300000 24.03652572631836
400000 57873048 87400000 33.69099450111389
500000 57939372 87500000 43.10465908050537
600000 58005616 87600000 49.77697992324829
700000 58071844 87700000 61.22152066230774
800000 58138131 87800000 70.42614841461182
900000 58204228 87900000 81.00445079803467
1000000 58270586 88000000 89.45840048789978
89.4585485458374
zip 4 mag_papers_88.txt
100000 58336611 88100000 7.729884386062622
200000 58402552 88200000 16.68390417098999
300000 58468889 88300000 22.581082105636597
400000 58535094 88400000 31.62946605682373
500000 58601239 88500000 42.0801784992218
600000 58667468 88600000 49.08658719062805
700000 58733539 88700000 56.71690368652344
800000 58799834 88800000 62.62981033325195
900000 58866098 88900000 68.56172728538513
1000000 58932270 89000000 76.54059791564941
76.54066014289856
zip 4 mag_papers_89.txt
100000 58998246 89100000 5.904876232147217
200000 59064374 89200000 14.740332841873169
300000 59130601 89300000 20.661255359649658
400000 59197146 89400000 28.310187816619873
500000 59263516 89500000 37.57894468307495
600000 59329502 89600000 47.203611850738525
700000 59395510 89700000 54.71258187294006
800000 59461592 89800000 65.31465697288513
900000 59528016 89900000 75.38777375221252
1000000 59594253 90000000 83.18043494224548
83.18059396743774
zip 4 mag_papers_90.txt
100000 59660632 90100000 7.748283863067627
200000 59726693 90200000 15.613257884979248
300000 59792877 90300000 25.337385177612305
400000 59858690 90400000 31.260259866714478
500000 59924828 90500000 41.13191485404968
600000 59991087 90600000 50.542393922805786
700000 60057605 90700000 56.439547538757324
800000 60123845 90800000 64.14740204811096
900000 60189954 90900000 77.35236477851868
1000000 60256141 91000000 85.17984580993652
85.1800057888031
zip 4 mag_papers_91.txt
100000 60322600 91100000 8.193440675735474
200000 60388729 91200000 15.232338428497314
300000 60454736 91300000 21.134767532348633
400000 60520747 91400000 27.31570529937744
500000 60587054 91500000 34.392478942871094
600000 60653267 91600000 41.276960611343384
700000 60719282 91700000 47.93084764480591
800000 60785731 91800000 56.25306963920593
900000 60852272 91900000 66.46675968170166
1000000 60918306 92000000 72.48480606079102
72.48495721817017
zip 4 mag_papers_92.txt
100000 60984355 92100000 10.990750551223755
200000 61050285 92200000 16.85913848876953
300000 61116384 92300000 26.61610722541809
400000 61182799 92400000 34.4922080039978
500000 61248793 92500000 40.38122820854187
600000 61314949 92600000 48.02705693244934
700000 61381117 92700000 53.91947889328003
800000 61447157 92800000 62.400023221969604
900000 61513237 92900000 71.09653091430664
1000000 61579282 93000000 80.41136646270752
80.41151690483093
zip 4 mag_papers_93.txt
100000 61645259 93100000 12.447375774383545
200000 61711346 93200000 18.342010021209717
300000 61777425 93300000 27.392165660858154
400000 61843436 93400000 36.59490132331848
500000 61909644 93500000 46.770639419555664
600000 61975598 93600000 52.65255618095398
700000 62041659 93700000 62.69192552566528
800000 62107707 93800000 69.94199132919312
900000 62174034 93900000 80.77313232421875
1000000 62240016 94000000 90.12786555290222
90.12802314758301
zip 4 mag_papers_94.txt
100000 62306337 94100000 7.5755109786987305
200000 62372343 94200000 18.461007595062256
300000 62438538 94300000 26.831161737442017
400000 62504705 94400000 32.827799558639526
500000 62570613 94500000 38.684659481048584
600000 62636897 94600000 46.74956011772156
700000 62702982 94700000 54.64101815223694
800000 62768953 94800000 63.758034229278564
900000 62835267 94900000 69.65551090240479
1000000 62901385 95000000 81.10357284545898
81.10372877120972
zip 4 mag_papers_95.txt
100000 62967501 95100000 7.507086753845215
200000 63033529 95200000 15.46759033203125
300000 63099765 95300000 24.133763551712036
400000 63165943 95400000 31.349791288375854
500000 63232007 95500000 37.232442140579224
600000 63298196 95600000 46.53712844848633
700000 63364457 95700000 55.31952214241028
800000 63430612 95800000 64.44506430625916
900000 63497001 95900000 72.28084754943848
1000000 63563258 96000000 79.14339184761047
79.14353513717651
zip 4 mag_papers_96.txt
100000 63629321 96100000 7.901859283447266
200000 63695710 96200000 15.249982357025146
300000 63761894 96300000 24.696682691574097
400000 63828083 96400000 31.443391799926758
500000 63894424 96500000 41.57631707191467
600000 63960284 96600000 47.872015953063965
700000 64026550 96700000 56.91611075401306
800000 64092555 96800000 66.19839215278625
900000 64158611 96900000 75.99602198600769
1000000 64224859 97000000 84.19194269180298
84.19208526611328
zip 4 mag_papers_97.txt
100000 64291019 97100000 9.102416515350342
200000 64357230 97200000 16.67798399925232
300000 64423592 97300000 24.45102286338806
400000 64489760 97400000 31.75994849205017
500000 64555824 97500000 39.0511212348938
600000 64622043 97600000 44.97521138191223
700000 64688054 97700000 52.6759979724884
800000 64754378 97800000 58.588841676712036
900000 64820386 97900000 69.78708291053772
1000000 64886681 98000000 77.74640560150146
77.74655413627625
zip 4 mag_papers_98.txt
100000 64952883 98100000 9.661435604095459
200000 65018985 98200000 15.59708046913147
300000 65085183 98300000 23.442519426345825
400000 65151168 98400000 31.980282068252563
500000 65217250 98500000 37.870967626571655
600000 65283693 98600000 45.829450845718384
700000 65349808 98700000 52.347856760025024
800000 65416014 98800000 61.108185052871704
900000 65482117 98900000 67.39804244041443
1000000 65548192 99000000 75.39824485778809
75.3983986377716
zip 4 mag_papers_99.txt
100000 65614477 99100000 5.903423070907593
200000 65680560 99200000 13.784020185470581
300000 65746791 99300000 21.51569175720215
400000 65812903 99400000 30.327380895614624
500000 65878891 99500000 36.69789433479309
600000 65945197 99600000 45.556039333343506
700000 66011196 99700000 55.923556327819824
800000 66077400 99800000 67.26620960235596
900000 66143486 99900000 73.2576687335968
1000000 66209571 100000000 79.13067722320557
79.13085222244263
zip 5 mag_papers_100.txt
100000 66275879 100100000 7.449589490890503
200000 66342127 100200000 15.346599817276001
300000 66408402 100300000 24.024691343307495
400000 66474350 100400000 35.40155911445618
500000 66540394 100500000 43.89159154891968
600000 66606808 100600000 53.0200936794281
700000 66672938 100700000 60.941548109054565
800000 66739071 100800000 66.89180302619934
900000 66805112 100900000 74.9172351360321
1000000 66871404 101000000 84.29922080039978
84.29939603805542
zip 5 mag_papers_101.txt
100000 66937840 101100000 9.72530198097229
200000 67003878 101200000 19.70032572746277
300000 67069994 101300000 30.719202756881714
400000 67136081 101400000 36.64948582649231
500000 67202252 101500000 42.54384994506836
600000 67268242 101600000 51.87097144126892
700000 67334319 101700000 59.790226459503174
800000 67400320 101800000 69.73014211654663
900000 67466544 101900000 75.63903975486755
1000000 67532583 102000000 85.27008891105652
85.27024149894714
zip 5 mag_papers_102.txt
100000 67598752 102100000 5.9260618686676025
200000 67664805 102200000 18.139505624771118
300000 67730908 102300000 26.104913234710693
400000 67796982 102400000 34.45857810974121
500000 67862925 102500000 42.84527635574341
600000 67929270 102600000 50.37691903114319
700000 67995358 102700000 57.78110384941101
800000 68061394 102800000 66.51596474647522
900000 68127718 102900000 75.84120440483093
1000000 68193969 103000000 83.73913025856018
83.7391927242279
zip 5 mag_papers_103.txt
100000 68260388 103100000 6.535807371139526
200000 68326537 103200000 13.346489906311035
300000 68392705 103300000 22.037856817245483
400000 68458600 103400000 27.95070743560791
500000 68524868 103500000 35.53190755844116
600000 68590883 103600000 44.226869106292725
700000 68657184 103700000 50.11660099029541
800000 68723345 103800000 55.99683690071106
900000 68789686 103900000 65.13692212104797
1000000 68855931 104000000 73.12646198272705
73.12652373313904
zip 5 mag_papers_104.txt
100000 68922192 104100000 7.789034128189087
200000 68988146 104200000 15.711240768432617
300000 69054152 104300000 23.66443181037903
400000 69120198 104400000 30.65540075302124
500000 69186389 104500000 36.75906705856323
600000 69252555 104600000 44.47594666481018
700000 69318905 104700000 53.99768877029419
800000 69384975 104800000 59.914759159088135
900000 69451238 104900000 66.72195053100586
1000000 69517602 105000000 73.61899375915527
73.61905574798584
zip 5 mag_papers_105.txt
100000 69583775 105100000 6.991360187530518
200000 69649914 105200000 13.44365930557251
300000 69716257 105300000 20.209441661834717
400000 69782374 105400000 27.30015754699707
500000 69848259 105500000 35.98705530166626
600000 69914228 105600000 46.638333797454834
700000 69980324 105700000 55.189491748809814
800000 70046595 105800000 61.95186161994934
900000 70112844 105900000 68.99462628364563
1000000 70178613 106000000 77.18185138702393
77.18202185630798
zip 5 mag_papers_106.txt
100000 70244749 106100000 9.978091716766357
200000 70310949 106200000 18.181133270263672
300000 70377014 106300000 26.40260934829712
400000 70443009 106400000 34.31516790390015
500000 70509354 106500000 42.331146001815796
600000 70575556 106600000 48.23819017410278
700000 70641601 106700000 58.25931715965271
800000 70707976 106800000 64.14721083641052
900000 70774205 106900000 73.81866025924683
1000000 70839984 107000000 81.75356030464172
81.75362420082092
zip 5 mag_papers_107.txt
100000 70906035 107100000 6.208155632019043
200000 70972285 107200000 16.16375732421875
300000 71038656 107300000 25.35706114768982
400000 71104920 107400000 33.42078399658203
500000 71170839 107500000 41.04049634933472
600000 71237005 107600000 46.96007323265076
700000 71303191 107700000 53.152775049209595
800000 71369470 107800000 59.0577027797699
900000 71435822 107900000 71.29252982139587
1000000 71502304 108000000 83.50194764137268
83.50201201438904
zip 5 mag_papers_108.txt
100000 71568334 108100000 8.275781631469727
200000 71634289 108200000 15.519273042678833
300000 71700583 108300000 24.880127906799316
400000 71766450 108400000 30.812529802322388
500000 71832358 108500000 39.66715741157532
600000 71898415 108600000 46.00248742103577
700000 71964572 108700000 52.46642756462097
800000 72030472 108800000 62.41801381111145
900000 72096961 108900000 69.30365657806396
1000000 72163357 109000000 75.69433879852295
75.69440174102783
zip 5 mag_papers_109.txt
100000 72229348 109100000 6.098258018493652
200000 72295551 109200000 12.043622016906738
300000 72361759 109300000 18.074556350708008
400000 72427849 109400000 28.162407159805298
500000 72493552 109500000 34.06812572479248
600000 72559671 109600000 41.38730835914612
700000 72625796 109700000 48.97208261489868
800000 72691923 109800000 55.7825825214386
900000 72757897 109900000 64.5012047290802
1000000 72823747 110000000 72.29571080207825
72.29587721824646
zip 5 mag_papers_110.txt
100000 72890117 110100000 5.938664436340332
200000 72956195 110200000 14.077674865722656
300000 73022358 110300000 19.990567445755005
400000 73088577 110400000 32.012397050857544
500000 73154931 110500000 41.32064914703369
600000 73220865 110600000 47.566561222076416
700000 73287108 110700000 58.820542335510254
800000 73353244 110800000 68.38631677627563
900000 73419511 110900000 76.24280667304993
1000000 73485851 111000000 87.61329865455627
87.61336159706116
zip 5 mag_papers_111.txt
100000 73551888 111100000 8.258854150772095
200000 73618054 111200000 17.89285922050476
300000 73684201 111300000 23.966543912887573
400000 73750407 111400000 29.894129753112793
500000 73816773 111500000 37.81972122192383
600000 73882875 111600000 44.98977518081665
700000 73949412 111700000 55.74244737625122
800000 74015373 111800000 61.91963291168213
900000 74081721 111900000 69.6098644733429
1000000 74147841 112000000 75.53497838973999
75.53503966331482
zip 5 mag_papers_112.txt
100000 74213977 112100000 7.9687340259552
200000 74280241 112200000 18.03788471221924
300000 74346275 112300000 27.862661361694336
400000 74412169 112400000 35.185200214385986
500000 74478324 112500000 46.57825970649719
600000 74544461 112600000 56.74834728240967
700000 74610466 112700000 64.65277051925659
800000 74676680 112800000 72.53245854377747
900000 74742894 112900000 82.17755174636841
1000000 74809224 113000000 88.67891097068787
88.67897987365723
zip 5 mag_papers_113.txt
100000 74875494 113100000 7.809618234634399
200000 74941675 113200000 15.630066871643066
300000 75008158 113300000 28.164827585220337
400000 75074345 113400000 36.96855545043945
500000 75140337 113500000 42.85415863990784
600000 75206409 113600000 51.06682991981506
700000 75272820 113700000 59.0224187374115
800000 75339023 113800000 66.84395694732666
900000 75405285 113900000 75.64983415603638
1000000 75471527 114000000 83.59248471260071
83.59254717826843
zip 5 mag_papers_114.txt
100000 75537318 114100000 9.915228605270386
200000 75603592 114200000 17.461344242095947
300000 75669616 114300000 25.31749439239502
400000 75736030 114400000 37.015106439590454
500000 75802118 114500000 44.05521845817566
600000 75868131 114600000 52.57086801528931
700000 75934211 114700000 59.515763998031616
800000 76000362 114800000 67.57462739944458
900000 76066442 114900000 74.26694774627686
1000000 76132546 115000000 80.35755467414856
80.35761642456055
zip 5 mag_papers_115.txt
100000 76198652 115100000 5.984909534454346
200000 76264887 115200000 11.900004863739014
300000 76331350 115300000 19.90714383125305
400000 76397398 115400000 28.28615975379944
500000 76463908 115500000 34.91032075881958
600000 76530013 115600000 42.027865409851074
700000 76595876 115700000 47.91632604598999
800000 76662081 115800000 56.53506278991699
900000 76728063 115900000 62.4436194896698
1000000 76794246 116000000 68.37973928451538
68.37980198860168
zip 5 mag_papers_116.txt
100000 76860144 116100000 7.85538387298584
200000 76926556 116200000 15.726861238479614
300000 76992932 116300000 21.632821798324585
400000 77059000 116400000 30.16557812690735
500000 77125112 116500000 38.33729696273804
600000 77191395 116600000 46.2347936630249
700000 77257423 116700000 52.1484158039093
800000 77323627 116800000 59.03190732002258
900000 77389665 116900000 65.97051906585693
1000000 77455643 117000000 71.86874461174011
71.86880779266357
zip 5 mag_papers_117.txt
100000 77521689 117100000 7.240738391876221
200000 77587787 117200000 15.232324123382568
300000 77653896 117300000 21.424840688705444
400000 77720211 117400000 27.34609293937683
500000 77786533 117500000 36.58819222450256
600000 77852555 117600000 43.86308193206787
700000 77918804 117700000 50.55866765975952
800000 77984900 117800000 60.55707836151123
900000 78050870 117900000 67.60731959342957
1000000 78117128 118000000 75.4228835105896
75.42294406890869
zip 5 mag_papers_118.txt
100000 78183183 118100000 8.161919355392456
200000 78249433 118200000 14.678636312484741
300000 78315524 118300000 21.426990747451782
400000 78381591 118400000 29.257812976837158
500000 78447581 118500000 35.18808102607727
600000 78513675 118600000 47.48451805114746
700000 78579777 118700000 55.46551203727722
800000 78646078 118800000 65.72493410110474
900000 78712140 118900000 73.138103723526
1000000 78778195 119000000 79.43123388290405
79.43129420280457
zip 5 mag_papers_119.txt
100000 78844364 119100000 7.305670738220215
200000 78910863 119200000 15.27659559249878
300000 78976967 119300000 22.552561283111572
400000 79043121 119400000 30.328868865966797
500000 79109246 119500000 39.78584146499634
600000 79175716 119600000 50.6025869846344
700000 79241700 119700000 56.52833104133606
800000 79307856 119800000 62.45329809188843
900000 79374159 119900000 70.42364835739136
1000000 79440269 120000000 77.64219236373901
77.6422529220581
zip 6 mag_papers_120.txt
100000 79506747 120100000 10.44258427619934
200000 79572824 120200000 20.162877559661865
300000 79638646 120300000 29.864643096923828
400000 79704536 120400000 39.26470422744751
500000 79770581 120500000 47.126131534576416
600000 79836777 120600000 56.19669699668884
700000 79902950 120700000 65.6449294090271
800000 79969251 120800000 76.66686749458313
900000 80035240 120900000 85.90728449821472
1000000 80101511 121000000 94.42434573173523
94.42440867424011
zip 6 mag_papers_121.txt
100000 80167712 121100000 11.463977336883545
200000 80233694 121200000 18.327781200408936
300000 80299713 121300000 28.49236559867859
400000 80366066 121400000 36.344720125198364
500000 80432167 121500000 44.352325439453125
600000 80498334 121600000 50.27056956291199
700000 80564514 121700000 60.1645941734314
800000 80630869 121800000 69.65159821510315
900000 80696963 121900000 77.62420558929443
1000000 80763023 122000000 86.51623368263245
86.51629590988159
zip 6 mag_papers_122.txt
100000 80829306 122100000 5.905857086181641
200000 80895502 122200000 13.577064752578735
300000 80961912 122300000 22.478839635849
400000 81027955 122400000 30.324543237686157
500000 81094093 122500000 39.77800250053406
600000 81160417 122600000 45.70332884788513
700000 81226640 122700000 55.00778818130493
800000 81292924 122800000 66.17600464820862
900000 81359063 122900000 72.0702395439148
1000000 81425008 123000000 81.03176188468933
81.0318238735199
zip 6 mag_papers_123.txt
100000 81491058 123100000 9.556315660476685
200000 81557269 123200000 19.138718605041504
300000 81623352 123300000 31.69010901451111
400000 81689602 123400000 40.46410322189331
500000 81755748 123500000 46.560516119003296
600000 81821883 123600000 55.331122636795044
700000 81887850 123700000 65.01260328292847
800000 81953878 123800000 74.75458288192749
900000 82019822 123900000 83.21756315231323
1000000 82086074 124000000 89.15849089622498
89.15855407714844
zip 6 mag_papers_124.txt
100000 82152026 124100000 9.750468492507935
200000 82218064 124200000 18.761712789535522
300000 82284058 124300000 28.160926818847656
400000 82350538 124400000 36.3580584526062
500000 82416677 124500000 42.25283408164978
600000 82482885 124600000 52.956202030181885
700000 82549062 124700000 59.61501693725586
800000 82614844 124800000 67.39627861976624
900000 82680696 124900000 74.40841507911682
1000000 82746700 125000000 82.26970744132996
82.26976680755615
zip 6 mag_papers_125.txt
100000 82812790 125100000 7.866815805435181
200000 82878803 125200000 15.801417350769043
300000 82945171 125300000 23.89031672477722
400000 83011084 125400000 31.76371955871582
500000 83077355 125500000 39.60645914077759
600000 83143513 125600000 48.525726079940796
700000 83209558 125700000 54.42811107635498
800000 83275594 125800000 66.3517062664032
900000 83341557 125900000 75.78886890411377
1000000 83407763 126000000 81.70963096618652
81.70969223976135
zip 6 mag_papers_126.txt
100000 83473772 126100000 8.844174146652222
200000 83540123 126200000 21.03594708442688
300000 83606120 126300000 26.952714204788208
400000 83672423 126400000 37.487717628479004
500000 83738492 126500000 47.33255314826965
600000 83804627 126600000 53.513561725616455
700000 83870864 126700000 65.49254012107849
800000 83936957 126800000 73.98607850074768
900000 84003021 126900000 84.40459513664246
1000000 84069186 127000000 94.62629222869873
94.62635374069214
zip 6 mag_papers_127.txt
100000 84135327 127100000 8.946013450622559
200000 84201546 127200000 20.96092915534973
300000 84267539 127300000 30.892278909683228
400000 84333617 127400000 38.834131956100464
500000 84399570 127500000 44.81035375595093
600000 84465908 127600000 55.001715421676636
700000 84531871 127700000 65.52773070335388
800000 84598138 127800000 73.32770729064941
900000 84664153 127900000 82.84101915359497
1000000 84730606 128000000 92.88255858421326
92.88262033462524
zip 6 mag_papers_128.txt
100000 84796829 128100000 7.275132656097412
200000 84863061 128200000 16.161978721618652
300000 84929315 128300000 25.789626359939575
400000 84995553 128400000 34.026803493499756
500000 85061766 128500000 40.16663336753845
600000 85128015 128600000 46.12107181549072
700000 85194046 128700000 52.62293481826782
800000 85260205 128800000 62.08710265159607
900000 85326297 128900000 68.03087306022644
1000000 85392557 129000000 74.77875351905823
74.77881503105164
zip 6 mag_papers_129.txt
100000 85458846 129100000 7.909157991409302
200000 85525178 129200000 15.774344682693481
300000 85591743 129300000 24.3272545337677
400000 85657743 129400000 32.94910144805908
500000 85723707 129500000 38.869585037231445
600000 85789696 129600000 46.79421854019165
700000 85855896 129700000 53.35990834236145
800000 85922033 129800000 62.34956502914429
900000 85988189 129900000 69.97453618049622
1000000 86054254 130000000 77.83236384391785
77.83242559432983
zip 6 mag_papers_130.txt
100000 86120309 130100000 7.410555362701416
200000 86186492 130200000 15.42212963104248
300000 86252858 130300000 23.1217200756073
400000 86319257 130400000 30.949743032455444
500000 86385466 130500000 43.33865547180176
600000 86451811 130600000 52.35015654563904
700000 86518277 130700000 58.50995755195618
800000 86584765 130800000 67.29646921157837
900000 86650931 130900000 77.17714977264404
1000000 86716869 131000000 84.96196508407593
84.9620258808136
zip 6 mag_papers_131.txt
100000 86783114 131100000 9.798616886138916
200000 86849565 131200000 21.387686252593994
300000 86915887 131300000 27.314890146255493
400000 86982092 131400000 37.132590770721436
500000 87048014 131500000 43.27408289909363
600000 87113917 131600000 50.88726997375488
700000 87180136 131700000 65.31446409225464
800000 87246573 131800000 77.70153665542603
900000 87312589 131900000 87.47018599510193
1000000 87378528 132000000 96.98941707611084
96.98947715759277
zip 6 mag_papers_132.txt
100000 87444598 132100000 7.8359375
200000 87510522 132200000 16.42681097984314
300000 87576832 132300000 24.802072048187256
400000 87642821 132400000 34.35997462272644
500000 87709013 132500000 42.35473108291626
600000 87775179 132600000 50.46908402442932
700000 87841217 132700000 58.40851402282715
800000 87907257 132800000 66.22790241241455
900000 87973398 132900000 78.58099460601807
1000000 88039469 133000000 87.37301921844482
87.37308049201965
zip 6 mag_papers_133.txt
100000 88105531 133100000 7.596937417984009
200000 88171857 133200000 14.019583702087402
300000 88237990 133300000 24.307616472244263
400000 88304475 133400000 33.005911350250244
500000 88370653 133500000 43.0980806350708
600000 88436771 133600000 51.54368877410889
700000 88502960 133700000 61.458702087402344
800000 88569034 133800000 75.31051898002625
900000 88635188 133900000 83.37339472770691
1000000 88701035 134000000 91.00573921203613
91.00579929351807
zip 6 mag_papers_134.txt
100000 88767295 134100000 6.980023145675659
200000 88833253 134200000 17.477243661880493
300000 88899388 134300000 28.07498526573181
400000 88965454 134400000 36.776955127716064
500000 89031659 134500000 42.672154664993286
600000 89097608 134600000 49.989200830459595
700000 89163783 134700000 56.27244687080383
800000 89230002 134800000 63.882195711135864
900000 89296191 134900000 71.82425737380981
1000000 89362356 135000000 78.17447781562805
78.17454600334167
zip 6 mag_papers_135.txt
100000 89428614 135100000 9.097764015197754
200000 89494785 135200000 19.820008039474487
300000 89560791 135300000 31.030744314193726
400000 89626946 135400000 38.46041512489319
500000 89693223 135500000 45.42787766456604
600000 89759609 135600000 55.249961853027344
700000 89825790 135700000 68.61418771743774
800000 89891998 135800000 75.54865550994873
900000 89958524 135900000 85.40340089797974
1000000 90024310 136000000 93.41460084915161
93.41466188430786
zip 6 mag_papers_136.txt
100000 90090128 136100000 11.678576231002808
200000 90156148 136200000 19.714950561523438
300000 90222517 136300000 26.374914169311523
400000 90288835 136400000 34.69564390182495
500000 90354743 136500000 45.36628603935242
600000 90421075 136600000 51.29352593421936
700000 90487174 136700000 59.38434553146362
800000 90553443 136800000 66.10256719589233
900000 90619670 136900000 73.97531008720398
1000000 90685786 137000000 81.89912915229797
81.89919018745422
zip 6 mag_papers_137.txt
100000 90752006 137100000 10.48888111114502
200000 90817944 137200000 16.746596574783325
300000 90884105 137300000 27.1129252910614
400000 90950046 137400000 36.29912734031677
500000 91016508 137500000 42.217233657836914
600000 91082690 137600000 50.190494775772095
700000 91148810 137700000 59.81899309158325
800000 91215079 137800000 66.61712384223938
900000 91281204 137900000 76.01752543449402
1000000 91347638 138000000 83.9967098236084
83.99677157402039
zip 6 mag_papers_138.txt
100000 91413567 138100000 7.446901798248291
200000 91479402 138200000 15.618855953216553
300000 91545868 138300000 24.133851766586304
400000 91611595 138400000 33.62841200828552
500000 91677954 138500000 41.01976275444031
600000 91743984 138600000 48.710540771484375
700000 91810330 138700000 55.72489523887634
800000 91876782 138800000 63.85226058959961
900000 91942927 138900000 73.14265298843384
1000000 92009075 139000000 81.15650939941406
81.1565728187561
zip 6 mag_papers_139.txt
100000 92075273 139100000 8.28972840309143
200000 92141308 139200000 14.793497800827026
300000 92207442 139300000 21.08337950706482
400000 92273304 139400000 27.919757843017578
500000 92339318 139500000 33.91724467277527
600000 92405380 139600000 41.664381980895996
700000 92471618 139700000 47.85864591598511
800000 92537976 139800000 53.77177047729492
900000 92604016 139900000 63.08677387237549
1000000 92670320 140000000 70.51015567779541
70.51021909713745
zip 7 mag_papers_140.txt
100000 92736634 140100000 9.366753101348877
200000 92802784 140200000 15.820412874221802
300000 92868998 140300000 21.720423460006714
400000 92935269 140400000 33.14531111717224
500000 93001507 140500000 42.846694469451904
600000 93067743 140600000 48.7190465927124
700000 93133894 140700000 57.44927096366882
800000 93200194 140800000 63.32681584358215
900000 93266685 140900000 72.75861310958862
1000000 93332632 141000000 78.83625841140747
78.8363196849823
zip 7 mag_papers_141.txt
100000 93398736 141100000 5.865513563156128
200000 93464948 141200000 11.812969446182251
300000 93531302 141300000 21.93224549293518
400000 93597487 141400000 32.221561431884766
500000 93663677 141500000 39.527777671813965
600000 93729799 141600000 46.48867630958557
700000 93795839 141700000 54.972066164016724
800000 93861939 141800000 60.842084646224976
900000 93927969 141900000 69.41839790344238
1000000 93993947 142000000 77.47527027130127
77.47533106803894
zip 7 mag_papers_142.txt
100000 94060205 142100000 11.746373414993286
200000 94126560 142200000 17.6724750995636
300000 94192646 142300000 25.63805603981018
400000 94258852 142400000 33.93629169464111
500000 94325015 142500000 39.83525085449219
600000 94391071 142600000 49.22848439216614
700000 94457369 142700000 59.664032220840454
800000 94523368 142800000 69.16280794143677
900000 94589693 142900000 77.919926404953
1000000 94655676 143000000 88.32837462425232
88.3284375667572
zip 7 mag_papers_143.txt
100000 94722206 143100000 10.246030807495117
200000 94788217 143200000 22.776806116104126
300000 94854270 143300000 30.94545340538025
400000 94920527 143400000 38.042287826538086
500000 94986663 143500000 45.858518838882446
600000 95052739 143600000 55.93464469909668
700000 95119265 143700000 63.59981727600098
800000 95185255 143800000 69.49682927131653
900000 95251217 143900000 81.23049354553223
1000000 95317186 144000000 87.10533690452576
87.105397939682
zip 7 mag_papers_144.txt
100000 95383669 144100000 5.911498785018921
200000 95449656 144200000 16.755856037139893
300000 95515797 144300000 22.67254638671875
400000 95582111 144400000 28.587151050567627
500000 95648012 144500000 34.48444151878357
600000 95714121 144600000 45.25295066833496
700000 95780309 144700000 54.675283432006836
800000 95846427 144800000 64.81413102149963
900000 95912539 144900000 72.6514003276825
1000000 95978584 145000000 81.95807886123657
81.95813989639282
zip 7 mag_papers_145.txt
100000 96044302 145100000 8.392885446548462
200000 96110309 145200000 14.298961162567139
300000 96176319 145300000 20.196992874145508
400000 96242124 145400000 30.012202262878418
500000 96307816 145500000 37.0566565990448
600000 96373528 145600000 48.27984046936035
700000 96439671 145700000 56.19171118736267
800000 96505800 145800000 64.12263441085815
900000 96572011 145900000 71.07093238830566
1000000 96638326 146000000 79.51291942596436
79.51298403739929
zip 7 mag_papers_146.txt
100000 96704300 146100000 7.811391830444336
200000 96770249 146200000 15.239396810531616
300000 96836610 146300000 21.260842084884644
400000 96902668 146400000 27.17626404762268
500000 96969049 146500000 34.85659909248352
600000 97034999 146600000 45.022869348526
700000 97100948 146700000 51.33843755722046
800000 97167092 146800000 59.39719748497009
900000 97233397 146900000 67.9464111328125
1000000 97299602 147000000 73.83120012283325
73.83125972747803
zip 7 mag_papers_147.txt
100000 97365836 147100000 8.036962270736694
200000 97432043 147200000 16.012071132659912
300000 97497973 147300000 22.44118332862854
400000 97564173 147400000 30.419782638549805
500000 97630427 147500000 38.556567430496216
600000 97696645 147600000 49.832385540008545
700000 97762624 147700000 56.273234128952026
800000 97828869 147800000 64.40496134757996
900000 97895140 147900000 70.29116678237915
1000000 97961276 148000000 79.93931078910828
79.93937087059021
zip 7 mag_papers_148.txt
100000 98027288 148100000 12.076457023620605
200000 98093151 148200000 17.979466915130615
300000 98159186 148300000 28.783270359039307
400000 98225404 148400000 37.5105926990509
500000 98291370 148500000 43.39980959892273
600000 98357657 148600000 50.586215019226074
700000 98423965 148700000 63.49635934829712
800000 98489800 148800000 71.13517475128174
900000 98555934 148900000 78.98567008972168
1000000 98622139 149000000 85.25089454650879
85.25095701217651
zip 7 mag_papers_149.txt
100000 98688275 149100000 7.219987869262695
200000 98754109 149200000 15.695253849029541
300000 98820576 149300000 23.10929799079895
400000 98886885 149400000 29.040192127227783
500000 98953112 149500000 39.8502721786499
600000 99019543 149600000 47.44278621673584
700000 99085666 149700000 57.54005813598633
800000 99151830 149800000 65.53622078895569
900000 99217731 149900000 71.53574705123901
1000000 99283652 150000000 79.58498978614807
79.58505177497864
zip 7 mag_papers_150.txt
100000 99349638 150100000 5.88141393661499
200000 99416025 150200000 15.571201801300049
300000 99482269 150300000 25.656988382339478
400000 99548293 150400000 33.68135643005371
500000 99614717 150500000 41.84805655479431
600000 99680654 150600000 51.386438608169556
700000 99746722 150700000 58.99820518493652
800000 99812773 150800000 70.43947124481201
900000 99879073 150900000 78.46634912490845
1000000 99945261 151000000 85.90595078468323
85.90601062774658
zip 7 mag_papers_151.txt
100000 100011642 151100000 9.91368293762207
200000 100077770 151200000 18.045279502868652
300000 100143859 151300000 26.877330541610718
400000 100210111 151400000 34.12430024147034
500000 100276301 151500000 42.093239545822144
600000 100342396 151600000 49.62320113182068
700000 100408486 151700000 61.40978789329529
800000 100474589 151800000 70.31738495826721
900000 100540624 151900000 76.20947265625
1000000 100606547 152000000 86.12122535705566
86.12128853797913
zip 7 mag_papers_152.txt
100000 100672540 152100000 5.920823335647583
200000 100738494 152200000 13.87318754196167
300000 100804665 152300000 19.9832546710968
400000 100870724 152400000 30.015117406845093
500000 100936459 152500000 35.904491901397705
600000 101002820 152600000 43.68018651008606
700000 101068973 152700000 51.185500621795654
800000 101134887 152800000 61.9309937953949
900000 101201130 152900000 67.8118257522583
1000000 101267359 153000000 78.36226153373718
78.36253952980042
zip 7 mag_papers_153.txt
100000 101333407 153100000 7.4481751918792725
200000 101399747 153200000 16.240009546279907
300000 101465672 153300000 22.14330816268921
400000 101531887 153400000 28.0705144405365
500000 101597941 153500000 40.47453761100769
600000 101664222 153600000 49.89828443527222
700000 101730501 153700000 61.51623845100403
800000 101796880 153800000 70.93913888931274
900000 101862956 153900000 82.05265212059021
1000000 101929191 154000000 87.95340991020203
87.95347118377686
zip 7 mag_papers_154.txt
100000 101995278 154100000 10.706442594528198
200000 102061471 154200000 20.73584508895874
300000 102127724 154300000 29.747764110565186
400000 102193880 154400000 41.6561324596405
500000 102259877 154500000 49.70607781410217
600000 102326212 154600000 55.606011629104614
700000 102392387 154700000 62.83922553062439
800000 102458839 154800000 69.69564700126648
900000 102525148 154900000 76.33693218231201
1000000 102591269 155000000 82.24499011039734
82.24505376815796
zip 7 mag_papers_155.txt
100000 102657587 155100000 7.841041326522827
200000 102723811 155200000 17.798746824264526
300000 102789807 155300000 25.826159477233887
400000 102855838 155400000 35.992565393447876
500000 102922349 155500000 42.490864753723145
600000 102988617 155600000 48.392064332962036
700000 103054730 155700000 57.135711431503296
800000 103120725 155800000 67.2524847984314
900000 103186734 155900000 73.15179181098938
1000000 103252795 156000000 82.12663149833679
82.12669348716736
zip 7 mag_papers_156.txt
100000 103318898 156100000 8.861801862716675
200000 103385023 156200000 14.942858219146729
300000 103451263 156300000 27.46235942840576
400000 103517311 156400000 37.18867564201355
500000 103583421 156500000 44.8670129776001
600000 103649557 156600000 51.068345069885254
700000 103715639 156700000 58.8836669921875
800000 103781745 156800000 64.77916049957275
900000 103847760 156900000 72.81216406822205
1000000 103913830 157000000 79.38423705101013
79.38444757461548
zip 7 mag_papers_157.txt
100000 103980278 157100000 6.408654451370239
200000 104046416 157200000 15.783206462860107
300000 104112550 157300000 24.834574699401855
400000 104178910 157400000 34.70538377761841
500000 104245122 157500000 40.60445427894592
600000 104310959 157600000 48.53580665588379
700000 104377144 157700000 54.969600439071655
800000 104443287 157800000 66.95298910140991
900000 104509288 157900000 73.00514078140259
1000000 104575220 158000000 84.38895988464355
84.38902163505554
zip 7 mag_papers_158.txt
100000 104641488 158100000 10.307077884674072
200000 104707608 158200000 21.647672414779663
300000 104773860 158300000 31.63569140434265
400000 104839691 158400000 39.51044487953186
500000 104905614 158500000 52.56492614746094
600000 104971648 158600000 58.4521541595459
700000 105037949 158700000 70.51750946044922
800000 105104048 158800000 83.36895751953125
900000 105170046 158900000 90.65692043304443
1000000 105236218 159000000 96.68377327919006
96.68383574485779
zip 7 mag_papers_159.txt
100000 105302327 159100000 9.722481966018677
200000 105368532 159200000 15.775381803512573
300000 105434776 159300000 23.312418699264526
400000 105500724 159400000 32.89430499076843
500000 105567091 159500000 42.983885049819946
600000 105633331 159600000 49.241719245910645
700000 105699290 159700000 60.031412839889526
800000 105765279 159800000 66.17389369010925
900000 105831507 159900000 72.0599045753479
1000000 105897527 160000000 81.95485138893127
81.95491242408752
zip 8 mag_papers_160.txt
100000 105963476 160100000 9.142457246780396
200000 106029701 160200000 15.83146071434021
300000 106095688 160300000 21.727687120437622
400000 106161794 160400000 27.64797878265381
500000 106228125 160500000 33.57581353187561
600000 106294208 160600000 41.27186608314514
700000 106360428 160700000 48.287328481674194
800000 106426748 160800000 54.19164681434631
900000 106492973 160900000 60.126304149627686
1000000 106559369 161000000 66.01900434494019
66.0190680027008
zip 8 mag_papers_161.txt
100000 106625569 161100000 5.885835409164429
200000 106691898 161200000 13.966201543807983
300000 106758207 161300000 19.8577241897583
400000 106824281 161400000 25.7507061958313
500000 106890378 161500000 31.623717546463013
600000 106956312 161600000 37.52973437309265
700000 107022484 161700000 45.06126594543457
800000 107088417 161800000 50.91765093803406
900000 107154683 161900000 61.227745056152344
1000000 107220935 162000000 67.09541273117065
67.09547352790833
zip 8 mag_papers_162.txt
100000 107287044 162100000 8.874826431274414
200000 107353211 162200000 14.768512487411499
300000 107419532 162300000 21.01091194152832
400000 107485340 162400000 28.765018224716187
500000 107551692 162500000 34.645747423172
600000 107617976 162600000 41.937092781066895
700000 107684133 162700000 48.08265972137451
800000 107749978 162800000 53.94588494300842
900000 107816074 162900000 61.59874677658081
1000000 107882232 163000000 67.49611806869507
67.49617910385132
zip 8 mag_papers_163.txt
100000 107948315 163100000 6.154268741607666
200000 108014353 163200000 12.050020217895508
300000 108080430 163300000 17.921499252319336
400000 108146481 163400000 23.800776720046997
500000 108212787 163500000 29.683937788009644
600000 108278984 163600000 35.557514905929565
700000 108344944 163700000 41.90907669067383
800000 108411058 163800000 47.77990460395813
900000 108477378 163900000 53.68060922622681
1000000 108543426 164000000 59.52498173713684
59.525044679641724
zip 8 mag_papers_164.txt
100000 108609608 164100000 8.95444917678833
200000 108675462 164200000 14.82551383972168
300000 108741534 164300000 20.709036111831665
400000 108807677 164400000 26.592239379882812
500000 108873970 164500000 32.50746250152588
600000 108940104 164600000 38.40622878074646
700000 109006445 164700000 46.03642249107361
800000 109072390 164800000 55.676616191864014
900000 109138734 164900000 63.78509998321533
1000000 109204852 165000000 69.64042091369629
69.64048337936401
zip 8 mag_papers_165.txt
100000 109271040 165100000 5.919310092926025
200000 109337356 165200000 11.816993713378906
300000 109403455 165300000 17.724933385849
400000 109469556 165400000 23.612416744232178
500000 109535527 165500000 29.93918514251709
600000 109601564 165600000 35.84080362319946
700000 109667618 165700000 45.74106574058533
800000 109733561 165800000 54.10755157470703
900000 109799774 165900000 60.022953748703
1000000 109866080 166000000 66.44532561302185
66.44538688659668
zip 8 mag_papers_166.txt
100000 109932178 166100000 6.352916479110718
12.651971578598022
109993272 166192182
